// 重构日志: 378c5144
// 重构日志: 39c89999
// 同步 ID: d56a14bc @ Thu Jun 18 16:49:07 UTC 2026
// 重构日志: 6b8d315b
// 同步 ID: 8d1e1948 @ Sun Jun 21 07:46:28 UTC 2026
// 同步 ID: 37d4ae02 @ Sun Jun 21 13:39:01 UTC 2026
// 重构日志: 29c56dfd
// 重构日志: 8e472fbb
// 重构日志: 994c66a9
// 同步 ID: 76e86a49 @ Wed Jun 24 13:11:10 UTC 2026
// 重构日志: 7d43b405
// 重构日志: 24dcb472
// 重构日志: dde1c32c
// 重构日志: 6e2322a0
// 重构日志: 0d1e1309
// 重构日志: a5ef68ab
// 同步 ID: 7e6164cb @ Sat Jun 27 14:48:33 UTC 2026
// 同步 ID: 1f331861 @ Sat Jun 27 19:13:00 UTC 2026
// 同步 ID: 5aeb53fd @ Sun Jun 28 14:01:53 UTC 2026
// 重构日志: 02ed75a6
// 同步 ID: bafa74a9 @ Sun Jun 28 21:53:59 UTC 2026
// 重构日志: dcdba727
// 重构日志: eacb684a
// 同步 ID: 8178f2c5 @ Tue Jun 30 02:00:59 UTC 2026
// 重构日志: 81a5b807
// 重构日志: 798d28b5
// 同步 ID: 036e3ece @ Thu Jul  2 07:22:19 UTC 2026
// 重构日志: d0d19afa
// 重构日志: 5c636d02
// 同步 ID: 59a63469 @ Fri Jul  3 20:25:12 UTC 2026
